[2021-11-21 13:10:57,717] {taskinstance.py:1035} INFO - Dependencies all met for <TaskInstance: tutorial.templated scheduled__2021-11-20T06:10:26.344235+00:00 [queued]>
[2021-11-21 13:10:57,722] {taskinstance.py:1035} INFO - Dependencies all met for <TaskInstance: tutorial.templated scheduled__2021-11-20T06:10:26.344235+00:00 [queued]>
[2021-11-21 13:10:57,722] {taskinstance.py:1241} INFO - 
--------------------------------------------------------------------------------
[2021-11-21 13:10:57,722] {taskinstance.py:1242} INFO - Starting attempt 1 of 2
[2021-11-21 13:10:57,722] {taskinstance.py:1243} INFO - 
--------------------------------------------------------------------------------
[2021-11-21 13:10:57,730] {taskinstance.py:1262} INFO - Executing <Task(BashOperator): templated> on 2021-11-20 06:10:26.344235+00:00
[2021-11-21 13:10:57,734] {standard_task_runner.py:52} INFO - Started process 37486 to run task
[2021-11-21 13:10:57,738] {standard_task_runner.py:76} INFO - Running: ['airflow', 'tasks', 'run', 'tutorial', 'templated', 'scheduled__2021-11-20T06:10:26.344235+00:00', '--job-id', '6', '--raw', '--subdir', '/usr/local/lib/python3.9/dist-packages/airflow/example_dags/tutorial.py', '--cfg-path', '/tmp/tmp_msyr3n0', '--error-file', '/tmp/tmpg5jf5x58']
[2021-11-21 13:10:57,738] {standard_task_runner.py:77} INFO - Job 6: Subtask templated
[2021-11-21 13:10:57,767] {logging_mixin.py:109} INFO - Running <TaskInstance: tutorial.templated scheduled__2021-11-20T06:10:26.344235+00:00 [running]> on host ubuntu2110.linuxvmimages.local
[2021-11-21 13:10:57,808] {taskinstance.py:1427} INFO - Exporting the following env vars:
AIRFLOW_CTX_DAG_EMAIL=airflow@example.com
AIRFLOW_CTX_DAG_OWNER=airflow
AIRFLOW_CTX_DAG_ID=tutorial
AIRFLOW_CTX_TASK_ID=templated
AIRFLOW_CTX_EXECUTION_DATE=2021-11-20T06:10:26.344235+00:00
AIRFLOW_CTX_DAG_RUN_ID=scheduled__2021-11-20T06:10:26.344235+00:00
[2021-11-21 13:10:57,809] {subprocess.py:62} INFO - Tmp dir root location: 
 /tmp
[2021-11-21 13:10:57,809] {subprocess.py:74} INFO - Running command: ['bash', '-c', '\n\n    echo "2021-11-20"\n    echo "2021-11-27"\n    echo "Parameter I passed in"\n\n    echo "2021-11-20"\n    echo "2021-11-27"\n    echo "Parameter I passed in"\n\n    echo "2021-11-20"\n    echo "2021-11-27"\n    echo "Parameter I passed in"\n\n    echo "2021-11-20"\n    echo "2021-11-27"\n    echo "Parameter I passed in"\n\n    echo "2021-11-20"\n    echo "2021-11-27"\n    echo "Parameter I passed in"\n']
[2021-11-21 13:10:57,816] {subprocess.py:85} INFO - Output:
[2021-11-21 13:10:57,817] {subprocess.py:89} INFO - 2021-11-20
[2021-11-21 13:10:57,817] {subprocess.py:89} INFO - 2021-11-27
[2021-11-21 13:10:57,817] {subprocess.py:89} INFO - Parameter I passed in
[2021-11-21 13:10:57,817] {subprocess.py:89} INFO - 2021-11-20
[2021-11-21 13:10:57,817] {subprocess.py:89} INFO - 2021-11-27
[2021-11-21 13:10:57,818] {subprocess.py:89} INFO - Parameter I passed in
[2021-11-21 13:10:57,818] {subprocess.py:89} INFO - 2021-11-20
[2021-11-21 13:10:57,818] {subprocess.py:89} INFO - 2021-11-27
[2021-11-21 13:10:57,818] {subprocess.py:89} INFO - Parameter I passed in
[2021-11-21 13:10:57,818] {subprocess.py:89} INFO - 2021-11-20
[2021-11-21 13:10:57,818] {subprocess.py:89} INFO - 2021-11-27
[2021-11-21 13:10:57,818] {subprocess.py:89} INFO - Parameter I passed in
[2021-11-21 13:10:57,818] {subprocess.py:89} INFO - 2021-11-20
[2021-11-21 13:10:57,818] {subprocess.py:89} INFO - 2021-11-27
[2021-11-21 13:10:57,818] {subprocess.py:89} INFO - Parameter I passed in
[2021-11-21 13:10:57,818] {subprocess.py:93} INFO - Command exited with return code 0
[2021-11-21 13:10:57,831] {taskinstance.py:1270} INFO - Marking task as SUCCESS. dag_id=tutorial, task_id=templated, execution_date=20211120T061026, start_date=20211121T061057, end_date=20211121T061057
[2021-11-21 13:10:57,875] {local_task_job.py:154} INFO - Task exited with return code 0
[2021-11-21 13:10:57,888] {local_task_job.py:264} INFO - 0 downstream tasks scheduled from follow-on schedule check
