[2021-11-21 13:11:08,617] {taskinstance.py:1035} INFO - Dependencies all met for <TaskInstance: tutorial.templated manual__2021-11-21T06:10:37.488521+00:00 [queued]>
[2021-11-21 13:11:08,624] {taskinstance.py:1035} INFO - Dependencies all met for <TaskInstance: tutorial.templated manual__2021-11-21T06:10:37.488521+00:00 [queued]>
[2021-11-21 13:11:08,624] {taskinstance.py:1241} INFO - 
--------------------------------------------------------------------------------
[2021-11-21 13:11:08,624] {taskinstance.py:1242} INFO - Starting attempt 1 of 2
[2021-11-21 13:11:08,624] {taskinstance.py:1243} INFO - 
--------------------------------------------------------------------------------
[2021-11-21 13:11:08,649] {taskinstance.py:1262} INFO - Executing <Task(BashOperator): templated> on 2021-11-21 06:10:37.488521+00:00
[2021-11-21 13:11:08,656] {standard_task_runner.py:52} INFO - Started process 37493 to run task
[2021-11-21 13:11:08,695] {standard_task_runner.py:76} INFO - Running: ['airflow', 'tasks', 'run', 'tutorial', 'templated', 'manual__2021-11-21T06:10:37.488521+00:00', '--job-id', '8', '--raw', '--subdir', '/usr/local/lib/python3.9/dist-packages/airflow/example_dags/tutorial.py', '--cfg-path', '/tmp/tmpp7e0v2pa', '--error-file', '/tmp/tmp2smmg38v']
[2021-11-21 13:11:08,697] {standard_task_runner.py:77} INFO - Job 8: Subtask templated
[2021-11-21 13:11:08,766] {logging_mixin.py:109} INFO - Running <TaskInstance: tutorial.templated manual__2021-11-21T06:10:37.488521+00:00 [running]> on host ubuntu2110.linuxvmimages.local
[2021-11-21 13:11:08,865] {taskinstance.py:1427} INFO - Exporting the following env vars:
AIRFLOW_CTX_DAG_EMAIL=airflow@example.com
AIRFLOW_CTX_DAG_OWNER=airflow
AIRFLOW_CTX_DAG_ID=tutorial
AIRFLOW_CTX_TASK_ID=templated
AIRFLOW_CTX_EXECUTION_DATE=2021-11-21T06:10:37.488521+00:00
AIRFLOW_CTX_DAG_RUN_ID=manual__2021-11-21T06:10:37.488521+00:00
[2021-11-21 13:11:08,866] {subprocess.py:62} INFO - Tmp dir root location: 
 /tmp
[2021-11-21 13:11:08,868] {subprocess.py:74} INFO - Running command: ['bash', '-c', '\n\n    echo "2021-11-21"\n    echo "2021-11-28"\n    echo "Parameter I passed in"\n\n    echo "2021-11-21"\n    echo "2021-11-28"\n    echo "Parameter I passed in"\n\n    echo "2021-11-21"\n    echo "2021-11-28"\n    echo "Parameter I passed in"\n\n    echo "2021-11-21"\n    echo "2021-11-28"\n    echo "Parameter I passed in"\n\n    echo "2021-11-21"\n    echo "2021-11-28"\n    echo "Parameter I passed in"\n']
[2021-11-21 13:11:08,881] {subprocess.py:85} INFO - Output:
[2021-11-21 13:11:08,887] {subprocess.py:89} INFO - 2021-11-21
[2021-11-21 13:11:08,888] {subprocess.py:89} INFO - 2021-11-28
[2021-11-21 13:11:08,888] {subprocess.py:89} INFO - Parameter I passed in
[2021-11-21 13:11:08,889] {subprocess.py:89} INFO - 2021-11-21
[2021-11-21 13:11:08,889] {subprocess.py:89} INFO - 2021-11-28
[2021-11-21 13:11:08,889] {subprocess.py:89} INFO - Parameter I passed in
[2021-11-21 13:11:08,889] {subprocess.py:89} INFO - 2021-11-21
[2021-11-21 13:11:08,889] {subprocess.py:89} INFO - 2021-11-28
[2021-11-21 13:11:08,889] {subprocess.py:89} INFO - Parameter I passed in
[2021-11-21 13:11:08,889] {subprocess.py:89} INFO - 2021-11-21
[2021-11-21 13:11:08,889] {subprocess.py:89} INFO - 2021-11-28
[2021-11-21 13:11:08,889] {subprocess.py:89} INFO - Parameter I passed in
[2021-11-21 13:11:08,890] {subprocess.py:89} INFO - 2021-11-21
[2021-11-21 13:11:08,890] {subprocess.py:89} INFO - 2021-11-28
[2021-11-21 13:11:08,890] {subprocess.py:89} INFO - Parameter I passed in
[2021-11-21 13:11:08,891] {subprocess.py:93} INFO - Command exited with return code 0
[2021-11-21 13:11:08,909] {taskinstance.py:1270} INFO - Marking task as SUCCESS. dag_id=tutorial, task_id=templated, execution_date=20211121T061037, start_date=20211121T061108, end_date=20211121T061108
[2021-11-21 13:11:08,975] {local_task_job.py:154} INFO - Task exited with return code 0
[2021-11-21 13:11:08,996] {local_task_job.py:264} INFO - 0 downstream tasks scheduled from follow-on schedule check
