[2021-11-21 13:20:43,963] {taskinstance.py:1035} INFO - Dependencies all met for <TaskInstance: example_weekday_branch_operator.make_choice manual__2021-11-21T06:20:38.082673+00:00 [queued]>
[2021-11-21 13:20:43,969] {taskinstance.py:1035} INFO - Dependencies all met for <TaskInstance: example_weekday_branch_operator.make_choice manual__2021-11-21T06:20:38.082673+00:00 [queued]>
[2021-11-21 13:20:43,969] {taskinstance.py:1241} INFO - 
--------------------------------------------------------------------------------
[2021-11-21 13:20:43,969] {taskinstance.py:1242} INFO - Starting attempt 1 of 1
[2021-11-21 13:20:43,970] {taskinstance.py:1243} INFO - 
--------------------------------------------------------------------------------
[2021-11-21 13:20:43,978] {taskinstance.py:1262} INFO - Executing <Task(BranchDayOfWeekOperator): make_choice> on 2021-11-21 06:20:38.082673+00:00
[2021-11-21 13:20:43,981] {standard_task_runner.py:52} INFO - Started process 38490 to run task
[2021-11-21 13:20:44,005] {standard_task_runner.py:76} INFO - Running: ['airflow', 'tasks', 'run', 'example_weekday_branch_operator', 'make_choice', 'manual__2021-11-21T06:20:38.082673+00:00', '--job-id', '12', '--raw', '--subdir', '/usr/local/lib/python3.9/dist-packages/airflow/example_dags/example_branch_day_of_week_operator.py', '--cfg-path', '/tmp/tmpr28qf534', '--error-file', '/tmp/tmppihxc17z']
[2021-11-21 13:20:44,006] {standard_task_runner.py:77} INFO - Job 12: Subtask make_choice
[2021-11-21 13:20:44,138] {logging_mixin.py:109} INFO - Running <TaskInstance: example_weekday_branch_operator.make_choice manual__2021-11-21T06:20:38.082673+00:00 [running]> on host ubuntu2110.linuxvmimages.local
[2021-11-21 13:20:44,258] {taskinstance.py:1427} INFO - Exporting the following env vars:
AIRFLOW_CTX_DAG_OWNER=airflow
AIRFLOW_CTX_DAG_ID=example_weekday_branch_operator
AIRFLOW_CTX_TASK_ID=make_choice
AIRFLOW_CTX_EXECUTION_DATE=2021-11-21T06:20:38.082673+00:00
AIRFLOW_CTX_DAG_RUN_ID=manual__2021-11-21T06:20:38.082673+00:00
[2021-11-21 13:20:44,259] {skipmixin.py:143} INFO - Following branch branch_false
[2021-11-21 13:20:44,259] {skipmixin.py:174} INFO - Skipping tasks ['branch_true']
[2021-11-21 13:20:44,286] {taskinstance.py:1270} INFO - Marking task as SUCCESS. dag_id=example_weekday_branch_operator, task_id=make_choice, execution_date=20211121T062038, start_date=20211121T062043, end_date=20211121T062044
[2021-11-21 13:20:44,307] {local_task_job.py:154} INFO - Task exited with return code 0
[2021-11-21 13:20:44,328] {local_task_job.py:264} INFO - 1 downstream tasks scheduled from follow-on schedule check
