[2021-11-21 13:10:47,093] {taskinstance.py:1035} INFO - Dependencies all met for <TaskInstance: tutorial.print_date manual__2021-11-21T06:10:37.488521+00:00 [queued]>
[2021-11-21 13:10:47,113] {taskinstance.py:1035} INFO - Dependencies all met for <TaskInstance: tutorial.print_date manual__2021-11-21T06:10:37.488521+00:00 [queued]>
[2021-11-21 13:10:47,113] {taskinstance.py:1241} INFO - 
--------------------------------------------------------------------------------
[2021-11-21 13:10:47,113] {taskinstance.py:1242} INFO - Starting attempt 1 of 2
[2021-11-21 13:10:47,113] {taskinstance.py:1243} INFO - 
--------------------------------------------------------------------------------
[2021-11-21 13:10:47,141] {taskinstance.py:1262} INFO - Executing <Task(BashOperator): print_date> on 2021-11-21 06:10:37.488521+00:00
[2021-11-21 13:10:47,144] {standard_task_runner.py:52} INFO - Started process 37478 to run task
[2021-11-21 13:10:47,165] {standard_task_runner.py:76} INFO - Running: ['airflow', 'tasks', 'run', 'tutorial', 'print_date', 'manual__2021-11-21T06:10:37.488521+00:00', '--job-id', '4', '--raw', '--subdir', '/usr/local/lib/python3.9/dist-packages/airflow/example_dags/tutorial.py', '--cfg-path', '/tmp/tmpuaat_bdi', '--error-file', '/tmp/tmpj8jj83k7']
[2021-11-21 13:10:47,166] {standard_task_runner.py:77} INFO - Job 4: Subtask print_date
[2021-11-21 13:10:47,284] {logging_mixin.py:109} INFO - Running <TaskInstance: tutorial.print_date manual__2021-11-21T06:10:37.488521+00:00 [running]> on host ubuntu2110.linuxvmimages.local
[2021-11-21 13:10:47,426] {taskinstance.py:1427} INFO - Exporting the following env vars:
AIRFLOW_CTX_DAG_EMAIL=airflow@example.com
AIRFLOW_CTX_DAG_OWNER=airflow
AIRFLOW_CTX_DAG_ID=tutorial
AIRFLOW_CTX_TASK_ID=print_date
AIRFLOW_CTX_EXECUTION_DATE=2021-11-21T06:10:37.488521+00:00
AIRFLOW_CTX_DAG_RUN_ID=manual__2021-11-21T06:10:37.488521+00:00
[2021-11-21 13:10:47,428] {subprocess.py:62} INFO - Tmp dir root location: 
 /tmp
[2021-11-21 13:10:47,428] {subprocess.py:74} INFO - Running command: ['bash', '-c', 'date']
[2021-11-21 13:10:47,442] {subprocess.py:85} INFO - Output:
[2021-11-21 13:10:47,444] {subprocess.py:89} INFO - Sun Nov 21 01:10:47 PM +07 2021
[2021-11-21 13:10:47,445] {subprocess.py:93} INFO - Command exited with return code 0
[2021-11-21 13:10:47,482] {taskinstance.py:1270} INFO - Marking task as SUCCESS. dag_id=tutorial, task_id=print_date, execution_date=20211121T061037, start_date=20211121T061047, end_date=20211121T061047
[2021-11-21 13:10:47,574] {local_task_job.py:154} INFO - Task exited with return code 0
[2021-11-21 13:10:47,611] {local_task_job.py:264} INFO - 2 downstream tasks scheduled from follow-on schedule check
