[2021-11-21 13:10:50,531] {taskinstance.py:1035} INFO - Dependencies all met for <TaskInstance: tutorial.sleep scheduled__2021-11-20T06:10:26.344235+00:00 [queued]>
[2021-11-21 13:10:50,540] {taskinstance.py:1035} INFO - Dependencies all met for <TaskInstance: tutorial.sleep scheduled__2021-11-20T06:10:26.344235+00:00 [queued]>
[2021-11-21 13:10:50,540] {taskinstance.py:1241} INFO - 
--------------------------------------------------------------------------------
[2021-11-21 13:10:50,540] {taskinstance.py:1242} INFO - Starting attempt 1 of 4
[2021-11-21 13:10:50,540] {taskinstance.py:1243} INFO - 
--------------------------------------------------------------------------------
[2021-11-21 13:10:50,550] {taskinstance.py:1262} INFO - Executing <Task(BashOperator): sleep> on 2021-11-20 06:10:26.344235+00:00
[2021-11-21 13:10:50,556] {standard_task_runner.py:52} INFO - Started process 37482 to run task
[2021-11-21 13:10:50,573] {standard_task_runner.py:76} INFO - Running: ['airflow', 'tasks', 'run', 'tutorial', 'sleep', 'scheduled__2021-11-20T06:10:26.344235+00:00', '--job-id', '5', '--raw', '--subdir', '/usr/local/lib/python3.9/dist-packages/airflow/example_dags/tutorial.py', '--cfg-path', '/tmp/tmprnlnylz2', '--error-file', '/tmp/tmp4zewx0fv']
[2021-11-21 13:10:50,573] {standard_task_runner.py:77} INFO - Job 5: Subtask sleep
[2021-11-21 13:10:50,612] {logging_mixin.py:109} INFO - Running <TaskInstance: tutorial.sleep scheduled__2021-11-20T06:10:26.344235+00:00 [running]> on host ubuntu2110.linuxvmimages.local
[2021-11-21 13:10:50,638] {taskinstance.py:1427} INFO - Exporting the following env vars:
AIRFLOW_CTX_DAG_EMAIL=airflow@example.com
AIRFLOW_CTX_DAG_OWNER=airflow
AIRFLOW_CTX_DAG_ID=tutorial
AIRFLOW_CTX_TASK_ID=sleep
AIRFLOW_CTX_EXECUTION_DATE=2021-11-20T06:10:26.344235+00:00
AIRFLOW_CTX_DAG_RUN_ID=scheduled__2021-11-20T06:10:26.344235+00:00
[2021-11-21 13:10:50,639] {subprocess.py:62} INFO - Tmp dir root location: 
 /tmp
[2021-11-21 13:10:50,639] {subprocess.py:74} INFO - Running command: ['bash', '-c', 'sleep 5']
[2021-11-21 13:10:50,648] {subprocess.py:85} INFO - Output:
[2021-11-21 13:10:55,658] {subprocess.py:93} INFO - Command exited with return code 0
[2021-11-21 13:10:55,688] {taskinstance.py:1270} INFO - Marking task as SUCCESS. dag_id=tutorial, task_id=sleep, execution_date=20211120T061026, start_date=20211121T061050, end_date=20211121T061055
[2021-11-21 13:10:55,721] {local_task_job.py:154} INFO - Task exited with return code 0
[2021-11-21 13:10:55,736] {local_task_job.py:264} INFO - 0 downstream tasks scheduled from follow-on schedule check
