[2021-11-20 21:25:45,295] {processor.py:163} INFO - Started process (PID=16944) to work on /usr/local/lib/python3.9/dist-packages/airflow/example_dags/example_subdag_operator.py
[2021-11-20 21:25:45,297] {processor.py:625} INFO - Processing file /usr/local/lib/python3.9/dist-packages/airflow/example_dags/example_subdag_operator.py for tasks to queue
[2021-11-20 21:25:45,298] {logging_mixin.py:109} INFO - [2021-11-20 21:25:45,297] {dagbag.py:500} INFO - Filling up the DagBag from /usr/local/lib/python3.9/dist-packages/airflow/example_dags/example_subdag_operator.py
[2021-11-20 21:25:45,349] {processor.py:637} INFO - DAG(s) dict_keys(['example_subdag_operator.section-1', 'example_subdag_operator.section-2', 'example_subdag_operator']) retrieved from /usr/local/lib/python3.9/dist-packages/airflow/example_dags/example_subdag_operator.py
[2021-11-20 21:25:45,359] {logging_mixin.py:109} INFO - [2021-11-20 21:25:45,359] {dag.py:2396} INFO - Sync 3 DAGs
[2021-11-20 21:25:45,371] {logging_mixin.py:109} INFO - [2021-11-20 21:25:45,371] {dag.py:2928} INFO - Setting next_dagrun for example_subdag_operator to 2021-11-18T00:00:00+00:00
[2021-11-20 21:25:45,372] {logging_mixin.py:109} INFO - [2021-11-20 21:25:45,372] {dag.py:2928} INFO - Setting next_dagrun for example_subdag_operator.section-1 to None
[2021-11-20 21:25:45,372] {logging_mixin.py:109} INFO - [2021-11-20 21:25:45,372] {dag.py:2928} INFO - Setting next_dagrun for example_subdag_operator.section-2 to None
[2021-11-20 21:25:45,376] {logging_mixin.py:109} INFO - [2021-11-20 21:25:45,376] {dag.py:2396} INFO - Sync 2 DAGs
[2021-11-20 21:25:45,381] {logging_mixin.py:109} INFO - [2021-11-20 21:25:45,380] {dag.py:2928} INFO - Setting next_dagrun for example_subdag_operator.section-1 to None
[2021-11-20 21:25:45,381] {logging_mixin.py:109} INFO - [2021-11-20 21:25:45,381] {dag.py:2928} INFO - Setting next_dagrun for example_subdag_operator.section-2 to None
[2021-11-20 21:25:45,388] {processor.py:171} INFO - Processing /usr/local/lib/python3.9/dist-packages/airflow/example_dags/example_subdag_operator.py took 0.097 seconds
[2021-11-20 21:26:21,004] {processor.py:163} INFO - Started process (PID=16980) to work on /usr/local/lib/python3.9/dist-packages/airflow/example_dags/example_subdag_operator.py
[2021-11-20 21:26:21,005] {processor.py:625} INFO - Processing file /usr/local/lib/python3.9/dist-packages/airflow/example_dags/example_subdag_operator.py for tasks to queue
[2021-11-20 21:26:21,006] {logging_mixin.py:109} INFO - [2021-11-20 21:26:21,005] {dagbag.py:500} INFO - Filling up the DagBag from /usr/local/lib/python3.9/dist-packages/airflow/example_dags/example_subdag_operator.py
[2021-11-20 21:26:21,031] {processor.py:637} INFO - DAG(s) dict_keys(['example_subdag_operator.section-1', 'example_subdag_operator.section-2', 'example_subdag_operator']) retrieved from /usr/local/lib/python3.9/dist-packages/airflow/example_dags/example_subdag_operator.py
[2021-11-20 21:26:21,040] {logging_mixin.py:109} INFO - [2021-11-20 21:26:21,040] {dag.py:2396} INFO - Sync 3 DAGs
[2021-11-20 21:26:21,051] {logging_mixin.py:109} INFO - [2021-11-20 21:26:21,051] {dag.py:2928} INFO - Setting next_dagrun for example_subdag_operator to 2021-11-18T00:00:00+00:00
[2021-11-20 21:26:21,052] {logging_mixin.py:109} INFO - [2021-11-20 21:26:21,052] {dag.py:2928} INFO - Setting next_dagrun for example_subdag_operator.section-1 to None
[2021-11-20 21:26:21,052] {logging_mixin.py:109} INFO - [2021-11-20 21:26:21,052] {dag.py:2928} INFO - Setting next_dagrun for example_subdag_operator.section-2 to None
[2021-11-20 21:26:21,055] {logging_mixin.py:109} INFO - [2021-11-20 21:26:21,055] {dag.py:2396} INFO - Sync 2 DAGs
[2021-11-20 21:26:21,060] {logging_mixin.py:109} INFO - [2021-11-20 21:26:21,059] {dag.py:2928} INFO - Setting next_dagrun for example_subdag_operator.section-1 to None
[2021-11-20 21:26:21,060] {logging_mixin.py:109} INFO - [2021-11-20 21:26:21,060] {dag.py:2928} INFO - Setting next_dagrun for example_subdag_operator.section-2 to None
[2021-11-20 21:26:21,066] {processor.py:171} INFO - Processing /usr/local/lib/python3.9/dist-packages/airflow/example_dags/example_subdag_operator.py took 0.065 seconds
