[2021-11-21 13:10:43,393] {taskinstance.py:1035} INFO - Dependencies all met for <TaskInstance: tutorial.print_date scheduled__2021-11-20T06:10:26.344235+00:00 [queued]>
[2021-11-21 13:10:43,401] {taskinstance.py:1035} INFO - Dependencies all met for <TaskInstance: tutorial.print_date scheduled__2021-11-20T06:10:26.344235+00:00 [queued]>
[2021-11-21 13:10:43,401] {taskinstance.py:1241} INFO - 
--------------------------------------------------------------------------------
[2021-11-21 13:10:43,401] {taskinstance.py:1242} INFO - Starting attempt 1 of 2
[2021-11-21 13:10:43,401] {taskinstance.py:1243} INFO - 
--------------------------------------------------------------------------------
[2021-11-21 13:10:43,425] {taskinstance.py:1262} INFO - Executing <Task(BashOperator): print_date> on 2021-11-20 06:10:26.344235+00:00
[2021-11-21 13:10:43,438] {standard_task_runner.py:52} INFO - Started process 37475 to run task
[2021-11-21 13:10:43,462] {standard_task_runner.py:76} INFO - Running: ['airflow', 'tasks', 'run', 'tutorial', 'print_date', 'scheduled__2021-11-20T06:10:26.344235+00:00', '--job-id', '3', '--raw', '--subdir', '/usr/local/lib/python3.9/dist-packages/airflow/example_dags/tutorial.py', '--cfg-path', '/tmp/tmpus1sabuz', '--error-file', '/tmp/tmpgm0122l6']
[2021-11-21 13:10:43,463] {standard_task_runner.py:77} INFO - Job 3: Subtask print_date
[2021-11-21 13:10:43,653] {logging_mixin.py:109} INFO - Running <TaskInstance: tutorial.print_date scheduled__2021-11-20T06:10:26.344235+00:00 [running]> on host ubuntu2110.linuxvmimages.local
[2021-11-21 13:10:43,754] {taskinstance.py:1427} INFO - Exporting the following env vars:
AIRFLOW_CTX_DAG_EMAIL=airflow@example.com
AIRFLOW_CTX_DAG_OWNER=airflow
AIRFLOW_CTX_DAG_ID=tutorial
AIRFLOW_CTX_TASK_ID=print_date
AIRFLOW_CTX_EXECUTION_DATE=2021-11-20T06:10:26.344235+00:00
AIRFLOW_CTX_DAG_RUN_ID=scheduled__2021-11-20T06:10:26.344235+00:00
[2021-11-21 13:10:43,755] {subprocess.py:62} INFO - Tmp dir root location: 
 /tmp
[2021-11-21 13:10:43,756] {subprocess.py:74} INFO - Running command: ['bash', '-c', 'date']
[2021-11-21 13:10:43,763] {subprocess.py:85} INFO - Output:
[2021-11-21 13:10:43,778] {subprocess.py:89} INFO - Sun Nov 21 01:10:43 PM +07 2021
[2021-11-21 13:10:43,778] {subprocess.py:93} INFO - Command exited with return code 0
[2021-11-21 13:10:43,798] {taskinstance.py:1270} INFO - Marking task as SUCCESS. dag_id=tutorial, task_id=print_date, execution_date=20211120T061026, start_date=20211121T061043, end_date=20211121T061043
[2021-11-21 13:10:43,841] {local_task_job.py:154} INFO - Task exited with return code 0
[2021-11-21 13:10:43,860] {local_task_job.py:264} INFO - 2 downstream tasks scheduled from follow-on schedule check
