[2021-11-21 05:28:18,726] {processor.py:163} INFO - Started process (PID=58) to work on /home/airflow/.local/lib/python3.7/site-packages/airflow/example_dags/example_task_group.py
[2021-11-21 05:28:18,727] {processor.py:625} INFO - Processing file /home/airflow/.local/lib/python3.7/site-packages/airflow/example_dags/example_task_group.py for tasks to queue
[2021-11-21 05:28:18,728] {logging_mixin.py:109} INFO - [2021-11-21 05:28:18,728] {dagbag.py:500} INFO - Filling up the DagBag from /home/airflow/.local/lib/python3.7/site-packages/airflow/example_dags/example_task_group.py
[2021-11-21 05:28:20,052] {processor.py:637} INFO - DAG(s) dict_keys(['example_task_group']) retrieved from /home/airflow/.local/lib/python3.7/site-packages/airflow/example_dags/example_task_group.py
[2021-11-21 05:29:11,546] {processor.py:163} INFO - Started process (PID=87) to work on /home/airflow/.local/lib/python3.7/site-packages/airflow/example_dags/example_task_group.py
[2021-11-21 05:29:11,557] {processor.py:625} INFO - Processing file /home/airflow/.local/lib/python3.7/site-packages/airflow/example_dags/example_task_group.py for tasks to queue
[2021-11-21 05:29:11,558] {logging_mixin.py:109} INFO - [2021-11-21 05:29:11,557] {dagbag.py:500} INFO - Filling up the DagBag from /home/airflow/.local/lib/python3.7/site-packages/airflow/example_dags/example_task_group.py
[2021-11-21 05:29:11,984] {processor.py:637} INFO - DAG(s) dict_keys(['example_task_group']) retrieved from /home/airflow/.local/lib/python3.7/site-packages/airflow/example_dags/example_task_group.py
[2021-11-21 05:31:40,583] {processor.py:163} INFO - Started process (PID=108) to work on /home/airflow/.local/lib/python3.7/site-packages/airflow/example_dags/example_task_group.py
[2021-11-21 05:31:40,591] {processor.py:625} INFO - Processing file /home/airflow/.local/lib/python3.7/site-packages/airflow/example_dags/example_task_group.py for tasks to queue
[2021-11-21 05:31:40,592] {logging_mixin.py:109} INFO - [2021-11-21 05:31:40,592] {dagbag.py:500} INFO - Filling up the DagBag from /home/airflow/.local/lib/python3.7/site-packages/airflow/example_dags/example_task_group.py
[2021-11-21 05:31:40,750] {processor.py:637} INFO - DAG(s) dict_keys(['example_task_group']) retrieved from /home/airflow/.local/lib/python3.7/site-packages/airflow/example_dags/example_task_group.py
[2021-11-21 05:32:32,880] {processor.py:163} INFO - Started process (PID=122) to work on /home/airflow/.local/lib/python3.7/site-packages/airflow/example_dags/example_task_group.py
[2021-11-21 05:32:32,927] {processor.py:625} INFO - Processing file /home/airflow/.local/lib/python3.7/site-packages/airflow/example_dags/example_task_group.py for tasks to queue
[2021-11-21 05:32:32,927] {logging_mixin.py:109} INFO - [2021-11-21 05:32:32,927] {dagbag.py:500} INFO - Filling up the DagBag from /home/airflow/.local/lib/python3.7/site-packages/airflow/example_dags/example_task_group.py
[2021-11-21 05:32:33,143] {processor.py:637} INFO - DAG(s) dict_keys(['example_task_group']) retrieved from /home/airflow/.local/lib/python3.7/site-packages/airflow/example_dags/example_task_group.py
[2021-11-21 05:33:19,107] {logging_mixin.py:109} INFO - [2021-11-21 05:33:19,107] {providers_manager.py:156} WARNING - Exception when importing 'airflow.providers.google.leveldb.hooks.leveldb.LevelDBHook' from 'apache-airflow-providers-google' package: No module named 'plyvel'
[2021-11-21 05:33:24,707] {processor.py:163} INFO - Started process (PID=149) to work on /home/airflow/.local/lib/python3.7/site-packages/airflow/example_dags/example_task_group.py
[2021-11-21 05:33:24,714] {processor.py:625} INFO - Processing file /home/airflow/.local/lib/python3.7/site-packages/airflow/example_dags/example_task_group.py for tasks to queue
[2021-11-21 05:33:24,714] {logging_mixin.py:109} INFO - [2021-11-21 05:33:24,714] {dagbag.py:500} INFO - Filling up the DagBag from /home/airflow/.local/lib/python3.7/site-packages/airflow/example_dags/example_task_group.py
[2021-11-21 05:33:25,408] {processor.py:637} INFO - DAG(s) dict_keys(['example_task_group']) retrieved from /home/airflow/.local/lib/python3.7/site-packages/airflow/example_dags/example_task_group.py
[2021-11-21 05:33:37,759] {logging_mixin.py:109} INFO - [2021-11-21 05:33:37,759] {providers_manager.py:156} WARNING - Exception when importing 'airflow.providers.google.leveldb.hooks.leveldb.LevelDBHook' from 'apache-airflow-providers-google' package: No module named 'plyvel'
[2021-11-21 05:33:42,711] {logging_mixin.py:109} INFO - [2021-11-21 05:33:42,711] {providers_manager.py:156} WARNING - Exception when importing 'airflow.providers.google.leveldb.hooks.leveldb.LevelDBHook' from 'apache-airflow-providers-google' package: No module named 'plyvel'
[2021-11-21 05:33:43,279] {logging_mixin.py:109} INFO - [2021-11-21 05:33:43,279] {manager.py:496} INFO - Created Permission View: can read on DAG:example_task_group
[2021-11-21 05:33:43,402] {logging_mixin.py:109} INFO - [2021-11-21 05:33:43,402] {manager.py:496} INFO - Created Permission View: can edit on DAG:example_task_group
[2021-11-21 05:33:43,402] {logging_mixin.py:109} INFO - [2021-11-21 05:33:43,402] {dag.py:2396} INFO - Sync 1 DAGs
[2021-11-21 05:33:43,444] {logging_mixin.py:109} INFO - [2021-11-21 05:33:43,444] {dag.py:2415} INFO - Creating ORM DAG for example_task_group
[2021-11-21 05:33:43,643] {logging_mixin.py:109} INFO - [2021-11-21 05:33:43,643] {dag.py:2928} INFO - Setting next_dagrun for example_task_group to 2021-11-20T05:33:43.476225+00:00
[2021-11-21 05:33:43,809] {processor.py:171} INFO - Processing /home/airflow/.local/lib/python3.7/site-packages/airflow/example_dags/example_task_group.py took 19.111 seconds
