[2021-11-21 05:28:18,556] {processor.py:163} INFO - Started process (PID=59) to work on /home/airflow/.local/lib/python3.7/site-packages/airflow/example_dags/example_python_operator.py
[2021-11-21 05:28:18,678] {processor.py:625} INFO - Processing file /home/airflow/.local/lib/python3.7/site-packages/airflow/example_dags/example_python_operator.py for tasks to queue
[2021-11-21 05:28:18,679] {logging_mixin.py:109} INFO - [2021-11-21 05:28:18,679] {dagbag.py:500} INFO - Filling up the DagBag from /home/airflow/.local/lib/python3.7/site-packages/airflow/example_dags/example_python_operator.py
[2021-11-21 05:28:19,518] {processor.py:637} INFO - DAG(s) dict_keys(['example_python_operator']) retrieved from /home/airflow/.local/lib/python3.7/site-packages/airflow/example_dags/example_python_operator.py
[2021-11-21 05:29:11,551] {processor.py:163} INFO - Started process (PID=88) to work on /home/airflow/.local/lib/python3.7/site-packages/airflow/example_dags/example_python_operator.py
[2021-11-21 05:29:11,564] {processor.py:625} INFO - Processing file /home/airflow/.local/lib/python3.7/site-packages/airflow/example_dags/example_python_operator.py for tasks to queue
[2021-11-21 05:29:11,565] {logging_mixin.py:109} INFO - [2021-11-21 05:29:11,565] {dagbag.py:500} INFO - Filling up the DagBag from /home/airflow/.local/lib/python3.7/site-packages/airflow/example_dags/example_python_operator.py
[2021-11-21 05:29:11,987] {processor.py:637} INFO - DAG(s) dict_keys(['example_python_operator']) retrieved from /home/airflow/.local/lib/python3.7/site-packages/airflow/example_dags/example_python_operator.py
[2021-11-21 05:31:40,596] {processor.py:163} INFO - Started process (PID=109) to work on /home/airflow/.local/lib/python3.7/site-packages/airflow/example_dags/example_python_operator.py
[2021-11-21 05:31:40,603] {processor.py:625} INFO - Processing file /home/airflow/.local/lib/python3.7/site-packages/airflow/example_dags/example_python_operator.py for tasks to queue
[2021-11-21 05:31:40,604] {logging_mixin.py:109} INFO - [2021-11-21 05:31:40,604] {dagbag.py:500} INFO - Filling up the DagBag from /home/airflow/.local/lib/python3.7/site-packages/airflow/example_dags/example_python_operator.py
[2021-11-21 05:31:40,732] {processor.py:637} INFO - DAG(s) dict_keys(['example_python_operator']) retrieved from /home/airflow/.local/lib/python3.7/site-packages/airflow/example_dags/example_python_operator.py
[2021-11-21 05:32:32,877] {processor.py:163} INFO - Started process (PID=123) to work on /home/airflow/.local/lib/python3.7/site-packages/airflow/example_dags/example_python_operator.py
[2021-11-21 05:32:32,927] {processor.py:625} INFO - Processing file /home/airflow/.local/lib/python3.7/site-packages/airflow/example_dags/example_python_operator.py for tasks to queue
[2021-11-21 05:32:32,927] {logging_mixin.py:109} INFO - [2021-11-21 05:32:32,927] {dagbag.py:500} INFO - Filling up the DagBag from /home/airflow/.local/lib/python3.7/site-packages/airflow/example_dags/example_python_operator.py
[2021-11-21 05:32:33,147] {processor.py:637} INFO - DAG(s) dict_keys(['example_python_operator']) retrieved from /home/airflow/.local/lib/python3.7/site-packages/airflow/example_dags/example_python_operator.py
[2021-11-21 05:33:19,083] {logging_mixin.py:109} INFO - [2021-11-21 05:33:19,083] {providers_manager.py:156} WARNING - Exception when importing 'airflow.providers.google.leveldb.hooks.leveldb.LevelDBHook' from 'apache-airflow-providers-google' package: No module named 'plyvel'
[2021-11-21 05:33:24,709] {processor.py:163} INFO - Started process (PID=150) to work on /home/airflow/.local/lib/python3.7/site-packages/airflow/example_dags/example_python_operator.py
[2021-11-21 05:33:24,711] {processor.py:625} INFO - Processing file /home/airflow/.local/lib/python3.7/site-packages/airflow/example_dags/example_python_operator.py for tasks to queue
[2021-11-21 05:33:24,711] {logging_mixin.py:109} INFO - [2021-11-21 05:33:24,711] {dagbag.py:500} INFO - Filling up the DagBag from /home/airflow/.local/lib/python3.7/site-packages/airflow/example_dags/example_python_operator.py
[2021-11-21 05:33:25,401] {processor.py:637} INFO - DAG(s) dict_keys(['example_python_operator']) retrieved from /home/airflow/.local/lib/python3.7/site-packages/airflow/example_dags/example_python_operator.py
[2021-11-21 05:33:37,709] {logging_mixin.py:109} INFO - [2021-11-21 05:33:37,709] {providers_manager.py:156} WARNING - Exception when importing 'airflow.providers.google.leveldb.hooks.leveldb.LevelDBHook' from 'apache-airflow-providers-google' package: No module named 'plyvel'
[2021-11-21 05:33:42,711] {logging_mixin.py:109} INFO - [2021-11-21 05:33:42,711] {providers_manager.py:156} WARNING - Exception when importing 'airflow.providers.google.leveldb.hooks.leveldb.LevelDBHook' from 'apache-airflow-providers-google' package: No module named 'plyvel'
[2021-11-21 05:33:43,373] {logging_mixin.py:109} INFO - [2021-11-21 05:33:43,372] {manager.py:496} INFO - Created Permission View: can read on DAG:example_python_operator
[2021-11-21 05:33:43,397] {logging_mixin.py:109} INFO - [2021-11-21 05:33:43,396] {manager.py:496} INFO - Created Permission View: can edit on DAG:example_python_operator
[2021-11-21 05:33:43,397] {logging_mixin.py:109} INFO - [2021-11-21 05:33:43,397] {dag.py:2396} INFO - Sync 1 DAGs
[2021-11-21 05:33:43,442] {logging_mixin.py:109} INFO - [2021-11-21 05:33:43,442] {dag.py:2415} INFO - Creating ORM DAG for example_python_operator
[2021-11-21 05:33:43,467] {logging_mixin.py:109} INFO - [2021-11-21 05:33:43,467] {dag.py:2928} INFO - Setting next_dagrun for example_python_operator to None
[2021-11-21 05:33:43,810] {processor.py:171} INFO - Processing /home/airflow/.local/lib/python3.7/site-packages/airflow/example_dags/example_python_operator.py took 19.104 seconds
